2021-10-30 00:51:43.829 | INFO     | func.jd_web_hook.entry_application_verify_field:business:93 - [+] 程序处理耗时 2.0999692269979278s
2021-10-30 06:58:51.705 | INFO     | func.jd_web_hook.quality_monitor_plan_launch:business:142 - [+] 更新完成
2021-10-30 06:58:51.709 | INFO     | func.jd_web_hook.quality_monitor_plan_launch:business:143 - [+] 程序处理耗时 0.5674316509976052s
2021-10-30 07:59:00.490 | INFO     | func.jd_web_hook.outside_trade_wages_new:business:136 - [+] 程序处理耗时 5.04699710290879e-06s
2021-10-30 08:00:06.741 | INFO     | func.jd_web_hook.outside_trade_wages_new:business:136 - [+] 程序处理耗时 1.6970006981864572e-06s
2021-10-30 08:09:00.988 | INFO     | func.jd_web_hook.outside_b_r_wages_new:business:94 - [+] 更新完成
2021-10-30 08:09:00.990 | INFO     | func.jd_web_hook.outside_b_r_wages_new:business:95 - [+] 程序处理耗时 8.637012797407806e-06s
2021-10-30 08:28:06.688 | INFO     | func.jd_web_hook.entry_application_verify_field:business:93 - [+] 程序处理耗时 0.37051979900570586s
2021-10-30 08:29:39.694 | INFO     | func.jd_web_hook.outside_trade_wages_new:business:136 - [+] 程序处理耗时 5.226000212132931e-06s
2021-10-30 08:31:20.241 | INFO     | func.jd_web_hook.induction_apply2:business:137 - [+] 程序处理耗时 3.918990842066705e-06s
2021-10-30 08:32:20.757 | INFO     | func.jd_web_hook.customer_actual_sales_checklist:business:343 - [+] 程序处理耗时 7.1929971454665065e-06s
2021-10-30 08:34:07.898 | INFO     | func.jd_web_hook.induction_apply2:business:137 - [+] 程序处理耗时 4.374989657662809e-06s
2021-10-30 08:35:00.612 | INFO     | robak.jdy_log:print:123 - | 信息  | dragon |   http://61.143.126.226:11450/api/v1/jd/web-hook/a-d-reward-over-table?nonce=e735a8&timestamp=1635554100    | --->   程序处理耗时 0.3589031549927313s
2021-10-30 08:37:43.124 | INFO     | func.jd_web_hook.outside_trade_wages_new:business:136 - [+] 程序处理耗时 2.953005605377257e-06s
2021-10-30 08:40:33.185 | INFO     | func.jd_web_hook.entry_application_verify_field:business:93 - [+] 程序处理耗时 0.5616274289932335s
2021-10-30 08:40:43.856 | INFO     | func.jd_web_hook.induction_apply2:business:137 - [+] 程序处理耗时 11.165832098005922s
2021-10-30 08:41:15.785 | INFO     | func.jd_web_hook.quality_monitor_plan_launch3:business:141 - [+] 更新完成
2021-10-30 08:41:15.786 | INFO     | func.jd_web_hook.quality_monitor_plan_launch3:business:142 - [+] 程序处理耗时 0.33472082899243105s
2021-10-30 08:43:42.466 | INFO     | func.jd_web_hook.induction_apply2:business:137 - [+] 程序处理耗时 14.16389367300144s
2021-10-30 08:44:11.605 | INFO     | func.jd_web_hook.induction_apply2:business:137 - [+] 程序处理耗时 3.907000063918531e-06s
