2021-10-30 00:18:32.032 | INFO     | func.jd_web_hook.outside_trade_wages_new:business:136 - [+] 程序处理耗时 4.499997885432094e-06s
2021-10-30 00:48:46.376 | INFO     | func.jd_web_hook.induction_apply2:business:137 - [+] 程序处理耗时 5.8730001910589635e-06s
2021-10-30 06:58:51.393 | INFO     | func.jd_web_hook.quality_monitor_plan_launch3:business:141 - [+] 更新完成
2021-10-30 06:58:51.397 | INFO     | func.jd_web_hook.quality_monitor_plan_launch3:business:142 - [+] 程序处理耗时 0.2602385220088763s
2021-10-30 07:00:50.213 | INFO     | func.jd_web_hook.quality_monitor_plan_launch3:business:141 - [+] 更新完成
2021-10-30 07:00:50.216 | INFO     | func.jd_web_hook.quality_monitor_plan_launch3:business:142 - [+] 程序处理耗时 0.23270076600601897s
2021-10-30 07:23:00.334 | INFO     | func.jd_web_hook.outside_trade_wages_new:business:136 - [+] 程序处理耗时 6.243993993848562e-06s
2021-10-30 07:56:42.899 | INFO     | func.jd_web_hook.outside_trade_wages_new:business:136 - [+] 程序处理耗时 4.137007636018097e-06s
2021-10-30 07:57:29.710 | INFO     | func.jd_web_hook.outside_trade_wages_new:business:136 - [+] 程序处理耗时 4.314002580940723e-06s
2021-10-30 08:02:05.506 | INFO     | func.jd_web_hook.outside_b_r_wages_new:business:94 - [+] 更新完成
2021-10-30 08:02:05.508 | INFO     | func.jd_web_hook.outside_b_r_wages_new:business:95 - [+] 程序处理耗时 8.592993253841996e-06s
2021-10-30 08:03:31.555 | INFO     | func.jd_web_hook.outside_trade_wages_new:business:136 - [+] 程序处理耗时 5.6110002333298326e-06s
2021-10-30 08:03:56.894 | INFO     | func.jd_web_hook.outside_trade_wages_new:business:136 - [+] 程序处理耗时 4.6570057747885585e-06s
2021-10-30 08:06:01.769 | INFO     | func.jd_web_hook.outside_trade_wages_new:business:136 - [+] 程序处理耗时 4.992005415260792e-06s
2021-10-30 08:06:10.728 | INFO     | func.jd_web_hook.entry_application_verify_field:business:93 - [+] 程序处理耗时 0.6851059439941309s
2021-10-30 08:10:00.866 | INFO     | func.jd_web_hook.outside_trade_wages_new:business:136 - [+] 程序处理耗时 4.8100046114996076e-06s
2021-10-30 08:13:01.132 | INFO     | func.jd_web_hook.outside_b_r_wages_new:business:94 - [+] 更新完成
2021-10-30 08:13:01.133 | INFO     | func.jd_web_hook.outside_b_r_wages_new:business:95 - [+] 程序处理耗时 7.552007446065545e-06s
2021-10-30 08:13:02.925 | INFO     | func.jd_web_hook.outside_trade_wages_new:business:136 - [+] 程序处理耗时 1.653615343006095s
2021-10-30 08:18:28.612 | INFO     | func.jd_web_hook.entry_application_verify_field:business:93 - [+] 程序处理耗时 0.543673645996023s
2021-10-30 08:24:24.899 | INFO     | func.jd_web_hook.induction_apply2:business:137 - [+] 程序处理耗时 2.3989996407181025e-06s
2021-10-30 08:24:38.569 | INFO     | func.jd_web_hook.quality_monitor_plan_launch3:business:141 - [+] 更新完成
2021-10-30 08:24:38.571 | INFO     | func.jd_web_hook.quality_monitor_plan_launch3:business:142 - [+] 程序处理耗时 0.23239651600306388s
2021-10-30 08:25:13.556 | INFO     | func.jd_web_hook.entry_application_verify_field:business:93 - [+] 程序处理耗时 0.33054351700411644s
2021-10-30 08:28:06.288 | INFO     | func.jd_web_hook.induction_apply2:business:137 - [+] 程序处理耗时 4.539004294201732e-06s
2021-10-30 08:29:39.687 | INFO     | func.jd_web_hook.outside_trade_wages_new:business:136 - [+] 程序处理耗时 5.0810049287974834e-06s
2021-10-30 08:29:39.725 | INFO     | func.jd_web_hook.outside_trade_wages_new:business:136 - [+] 程序处理耗时 2.1460000425577164e-06s
2021-10-30 08:29:45.300 | INFO     | func.jd_web_hook.entry_application_verify_field:business:93 - [+] 程序处理耗时 0.35836287200800143s
2021-10-30 08:32:20.748 | INFO     | func.jd_web_hook.customer_actual_sales_checklist3:business:121 - [+] 程序处理耗时 5.316993338055909e-06s
2021-10-30 08:32:46.802 | INFO     | func.jd_web_hook.customer_actual_sales_checklist3:business:121 - [+] 程序处理耗时 0.5064602729980834s
2021-10-30 08:33:15.246 | INFO     | func.jd_web_hook.outside_trade_wages_new:business:136 - [+] 程序处理耗时 5.942012649029493e-06s
2021-10-30 08:33:40.136 | INFO     | func.jd_web_hook.entry_application_verify_field:business:93 - [+] 程序处理耗时 0.3599070149939507s
2021-10-30 08:40:45.082 | INFO     | func.jd_web_hook.quality_monitor_plan_launch3:business:141 - [+] 更新完成
2021-10-30 08:40:45.084 | INFO     | func.jd_web_hook.quality_monitor_plan_launch3:business:142 - [+] 程序处理耗时 0.24434947400004603s
2021-10-30 08:41:16.253 | INFO     | func.jd_web_hook.quality_monitor_plan_launch:business:142 - [+] 更新完成
2021-10-30 08:41:16.255 | INFO     | func.jd_web_hook.quality_monitor_plan_launch:business:143 - [+] 程序处理耗时 0.8069830830063438s
2021-10-30 08:42:09.284 | INFO     | func.jd_web_hook.activity_delay_apply:business:83 - [+] 程序处理耗时 0.9501247349980986s
2021-10-30 08:43:01.511 | INFO     | func.jd_web_hook.activity_delay_apply:business:83 - [+] 程序处理耗时 0.8945717309979955s
2021-10-30 08:43:28.639 | INFO     | func.jd_web_hook.entry_application_verify_field:business:93 - [+] 程序处理耗时 0.3606938950106269s
2021-10-30 08:43:53.834 | INFO     | func.jd_web_hook.leave_apply:business:71 - [+] 更新完成
2021-10-30 08:43:53.835 | INFO     | func.jd_web_hook.leave_apply:business:72 - [+] 程序处理耗时 2.878994564525783e-06s
