2021-10-30 00:48:48.549 | INFO     | func.jd_web_hook.entry_application_verify_field:business:93 - [+] 程序处理耗时 2.1771770039995317s
2021-10-30 00:51:41.730 | INFO     | func.jd_web_hook.induction_apply2:business:137 - [+] 程序处理耗时 4.522997187450528e-06s
2021-10-30 07:20:23.862 | INFO     | func.jd_web_hook.outside_trade_wages_new:business:136 - [+] 程序处理耗时 6.463000318035483e-06s
2021-10-30 07:30:49.246 | INFO     | func.jd_web_hook.induction_apply2:business:137 - [+] 程序处理耗时 4.985005944035947e-06s
2021-10-30 07:30:49.569 | INFO     | func.jd_web_hook.entry_application_verify_field:business:93 - [+] 程序处理耗时 0.33360183700278867s
2021-10-30 07:59:07.628 | INFO     | func.jd_web_hook.outside_trade_wages_new:business:136 - [+] 程序处理耗时 4.468995030038059e-06s
2021-10-30 08:03:02.782 | INFO     | func.jd_web_hook.outside_b_r_wages_new:business:94 - [+] 更新完成
2021-10-30 08:03:02.786 | INFO     | func.jd_web_hook.outside_b_r_wages_new:business:95 - [+] 程序处理耗时 0.00038596001104451716s
2021-10-30 08:04:37.951 | INFO     | func.jd_web_hook.leave_apply:business:71 - [+] 更新完成
2021-10-30 08:04:37.954 | INFO     | func.jd_web_hook.leave_apply:business:72 - [+] 程序处理耗时 3.6569981602951884e-06s
2021-10-30 08:04:49.620 | INFO     | func.jd_web_hook.leave_apply:business:71 - [+] 更新完成
2021-10-30 08:04:49.623 | INFO     | func.jd_web_hook.leave_apply:business:72 - [+] 程序处理耗时 4.186003934592009e-06s
2021-10-30 08:24:25.223 | INFO     | func.jd_web_hook.entry_application_verify_field:business:93 - [+] 程序处理耗时 0.3306847799976822s
2021-10-30 08:29:39.719 | INFO     | func.jd_web_hook.outside_trade_wages_new:business:136 - [+] 程序处理耗时 2.5899935280904174e-06s
2021-10-30 08:29:39.731 | INFO     | func.jd_web_hook.outside_trade_wages_new:business:136 - [+] 程序处理耗时 2.4230103008449078e-06s
2021-10-30 08:29:39.736 | INFO     | func.jd_web_hook.outside_trade_wages_new:business:136 - [+] 程序处理耗时 2.2699969122186303e-06s
2021-10-30 08:29:39.741 | INFO     | func.jd_web_hook.outside_trade_wages_new:business:136 - [+] 程序处理耗时 2.3470056476071477e-06s
2021-10-30 08:31:06.599 | INFO     | func.jd_web_hook.customer_actual_sales_checklist:business:343 - [+] 程序处理耗时 3.7139980122447014e-06s
2021-10-30 08:31:06.619 | INFO     | func.jd_web_hook.customer_actual_sales_checklist3:business:121 - [+] 程序处理耗时 4.9209920689463615e-06s
2021-10-30 08:32:46.307 | INFO     | func.jd_web_hook.customer_actual_sales_checklist2:business:209 - [+] 程序处理耗时 3.0520997825078666e-05s
2021-10-30 08:32:49.996 | INFO     | func.jd_web_hook.customer_actual_sales_checklist:business:343 - [+] 程序处理耗时 3.7071943799965084s
2021-10-30 08:40:45.481 | INFO     | func.jd_web_hook.quality_monitor_plan_launch:business:142 - [+] 更新完成
2021-10-30 08:40:45.482 | INFO     | func.jd_web_hook.quality_monitor_plan_launch:business:143 - [+] 程序处理耗时 0.6250020939914975s
2021-10-30 08:41:01.023 | INFO     | func.jd_web_hook.outside_b_r_wages_new:business:94 - [+] 更新完成
2021-10-30 08:41:01.023 | INFO     | func.jd_web_hook.outside_b_r_wages_new:business:95 - [+] 程序处理耗时 3.0149967642500997e-06s
2021-10-30 08:42:06.545 | INFO     | func.jd_web_hook.activity_delay_apply:business:83 - [+] 程序处理耗时 1.4690349510055967s
2021-10-30 08:45:17.018 | INFO     | func.jd_web_hook.outside_trade_wages_new:business:136 - [+] 程序处理耗时 5.285997758619487e-06s
