2021-10-30 07:00:50.651 | INFO     | func.jd_web_hook.quality_monitor_plan_launch:business:142 - [+] 更新完成
2021-10-30 07:00:50.727 | INFO     | func.jd_web_hook.quality_monitor_plan_launch:business:143 - [+] 程序处理耗时 0.6592157740087714s
2021-10-30 07:26:00.376 | INFO     | func.jd_web_hook.outside_b_r_wages_new:business:94 - [+] 更新完成
2021-10-30 07:26:00.378 | INFO     | func.jd_web_hook.outside_b_r_wages_new:business:95 - [+] 程序处理耗时 6.863003363832831e-06s
2021-10-30 07:26:00.921 | INFO     | func.jd_web_hook.outside_trade_wages_new:business:136 - [+] 程序处理耗时 0.5550138789985795s
2021-10-30 07:33:49.639 | INFO     | func.jd_web_hook.leave_apply:business:71 - [+] 更新完成
2021-10-30 07:33:49.640 | INFO     | func.jd_web_hook.leave_apply:business:72 - [+] 程序处理耗时 4.941000952385366e-06s
2021-10-30 08:01:42.192 | INFO     | func.jd_web_hook.outside_trade_wages_new:business:136 - [+] 程序处理耗时 4.735993570648134e-06s
2021-10-30 08:02:06.034 | INFO     | func.jd_web_hook.outside_trade_wages_new:business:136 - [+] 程序处理耗时 0.5293474029895151s
2021-10-30 08:02:59.351 | INFO     | func.jd_web_hook.outside_trade_wages_new:business:136 - [+] 程序处理耗时 4.8679939936846495e-06s
2021-10-30 08:03:04.860 | INFO     | func.jd_web_hook.outside_trade_wages_new:business:136 - [+] 程序处理耗时 2.069246598999598s
2021-10-30 08:03:25.768 | INFO     | func.jd_web_hook.outside_trade_wages_new:business:136 - [+] 程序处理耗时 5.440990207716823e-06s
2021-10-30 08:05:51.160 | INFO     | func.jd_web_hook.induction_apply2:business:137 - [+] 程序处理耗时 4.707995685748756e-06s
2021-10-30 08:05:51.582 | INFO     | func.jd_web_hook.entry_application_verify_field:business:93 - [+] 程序处理耗时 0.4160771220049355s
2021-10-30 08:06:10.029 | INFO     | func.jd_web_hook.induction_apply2:business:137 - [+] 程序处理耗时 4.870002157986164e-06s
2021-10-30 08:09:01.522 | INFO     | func.jd_web_hook.outside_trade_wages_new:business:136 - [+] 程序处理耗时 0.5310960299975704s
2021-10-30 08:18:28.050 | INFO     | func.jd_web_hook.induction_apply2:business:137 - [+] 程序处理耗时 5.09600795339793e-06s
2021-10-30 08:24:39.131 | INFO     | func.jd_web_hook.quality_monitor_plan_launch:business:142 - [+] 更新完成
2021-10-30 08:24:39.133 | INFO     | func.jd_web_hook.quality_monitor_plan_launch:business:143 - [+] 程序处理耗时 0.798057879001135s
2021-10-30 08:25:13.231 | INFO     | func.jd_web_hook.induction_apply2:business:137 - [+] 程序处理耗时 5.137000698596239e-06s
2021-10-30 08:29:39.727 | INFO     | func.jd_web_hook.outside_trade_wages_new:business:136 - [+] 程序处理耗时 2.8189970180392265e-06s
2021-10-30 08:29:39.735 | INFO     | func.jd_web_hook.outside_trade_wages_new:business:136 - [+] 程序处理耗时 3.688997821882367e-06s
2021-10-30 08:29:44.951 | INFO     | func.jd_web_hook.induction_apply2:business:137 - [+] 程序处理耗时 2.9819930205121636e-06s
2021-10-30 08:30:55.076 | INFO     | func.jd_web_hook.outside_trade_wages_new:business:136 - [+] 程序处理耗时 5.335998139344156e-06s
2021-10-30 08:31:06.621 | INFO     | func.jd_web_hook.customer_actual_sales_checklist2:business:209 - [+] 程序处理耗时 4.816000000573695e-06s
2021-10-30 08:31:20.719 | INFO     | func.jd_web_hook.entry_application_verify_field:business:93 - [+] 程序处理耗时 0.5070817689993419s
2021-10-30 08:32:20.711 | INFO     | func.jd_web_hook.customer_actual_sales_checklist2:business:209 - [+] 程序处理耗时 4.04199818149209e-06s
2021-10-30 08:35:27.811 | INFO     | func.jd_web_hook.outside_trade_wages_new:business:136 - [+] 程序处理耗时 4.493995220400393e-06s
2021-10-30 08:37:58.017 | INFO     | func.jd_web_hook.outside_trade_wages_new:business:136 - [+] 程序处理耗时 4.631991032510996e-06s
2021-10-30 08:38:01.047 | INFO     | func.jd_web_hook.outside_trade_wages_new:business:136 - [+] 程序处理耗时 4.098998033441603e-06s
2021-10-30 08:41:01.936 | INFO     | func.jd_web_hook.outside_trade_wages_new:business:136 - [+] 程序处理耗时 0.7706931559951045s
2021-10-30 08:42:14.019 | INFO     | func.jd_web_hook.activity_delay_apply:business:83 - [+] 程序处理耗时 1.0715051580045838s
2021-10-30 08:44:03.788 | INFO     | func.jd_web_hook.leave_apply:business:71 - [+] 更新完成
2021-10-30 08:44:03.789 | INFO     | func.jd_web_hook.leave_apply:business:72 - [+] 程序处理耗时 1.0660005500540137e-06s
2021-10-30 08:44:10.946 | INFO     | func.jd_web_hook.entry_application_verify_field:business:93 - [+] 程序处理耗时 0.3437086560006719s
